# JRE version: Java(TM) SE Runtime Environment (8.0_191-b12) (build 1.8.0_191-b12)
# Java VM: Java HotSpot(TM) 64-Bit Server VM (25.191-b12 mixed mode windows-amd64 compressed oops)
Heap:
 PSYoungGen      total 56320K, used 47393K [0x0000000781900000, 0x0000000787880000, 0x00000007c0000000)
  eden space 48640K, 85% used [0x0000000781900000,0x0000000784199f68,0x0000000784880000)
  from space 7680K, 75% used [0x0000000784880000,0x0000000784e2e688,0x0000000785000000)
  to   space 11264K, 0% used [0x0000000786d80000,0x0000000786d80000,0x0000000787880000)
 ParOldGen       total 77312K, used 5266K [0x0000000704a00000, 0x0000000709580000, 0x0000000781900000)
  object space 77312K, 6% used [0x0000000704a00000,0x0000000704f24ad8,0x0000000709580000)
 Metaspace       used 29844K, capacity 30834K, committed 31104K, reserved 1077248K
  class space    used 3895K, capacity 4136K, committed 4224K, reserved 1048576K
GC Heap History (10 events):
Event: 4.469 GC heap before
{Heap before GC invocations=2 (full 0):
 PSYoungGen      total 56320K, used 55356K [0x0000000781900000, 0x0000000785780000, 0x00000007c0000000)
  eden space 48640K, 100% used [0x0000000781900000,0x0000000784880000,0x0000000784880000)
  from space 7680K, 87% used [0x0000000784880000,0x0000000784f0f2f0,0x0000000785000000)
  to   space 7680K, 0% used [0x0000000785000000,0x0000000785000000,0x0000000785780000)
 ParOldGen       total 128512K, used 16K [0x0000000704a00000, 0x000000070c780000, 0x0000000781900000)
  object space 128512K, 0% used [0x0000000704a00000,0x0000000704a04000,0x000000070c780000)
 Metaspace       used 20629K, capacity 21132K, committed 21248K, reserved 1067008K
  class space    used 2626K, capacity 2797K, committed 2816K, reserved 1048576K
Event: 4.502 GC heap after
Heap after GC invocations=2 (full 0):
 PSYoungGen      total 56320K, used 7664K [0x0000000781900000, 0x0000000785780000, 0x00000007c0000000)
  eden space 48640K, 0% used [0x0000000781900000,0x0000000781900000,0x0000000784880000)
  from space 7680K, 99% used [0x0000000785000000,0x000000078577c398,0x0000000785780000)
  to   space 7680K, 0% used [0x0000000784880000,0x0000000784880000,0x0000000785000000)
 ParOldGen       total 128512K, used 2894K [0x0000000704a00000, 0x000000070c780000, 0x0000000781900000)
  object space 128512K, 2% used [0x0000000704a00000,0x0000000704cd3ae8,0x000000070c780000)
 Metaspace       used 20629K, capacity 21132K, committed 21248K, reserved 1067008K
  class space    used 2626K, capacity 2797K, committed 2816K, reserved 1048576K
}
Event: 4.813 GC heap before
{Heap before GC invocations=3 (full 0):
 PSYoungGen      total 56320K, used 11217K [0x0000000781900000, 0x0000000785780000, 0x00000007c0000000)
  eden space 48640K, 7% used [0x0000000781900000,0x0000000781c78448,0x0000000784880000)
  from space 7680K, 99% used [0x0000000785000000,0x000000078577c398,0x0000000785780000)
  to   space 7680K, 0% used [0x0000000784880000,0x0000000784880000,0x0000000785000000)
 ParOldGen       total 128512K, used 2894K [0x0000000704a00000, 0x000000070c780000, 0x0000000781900000)
  object space 128512K, 2% used [0x0000000704a00000,0x0000000704cd3ae8,0x000000070c780000)
 Metaspace       used 20773K, capacity 21254K, committed 21296K, reserved 1069056K
  class space    used 2644K, capacity 2814K, committed 2816K, reserved 1048576K
Event: 4.819 GC heap after
Heap after GC invocations=3 (full 0):
 PSYoungGen      total 56320K, used 5306K [0x0000000781900000, 0x0000000785780000, 0x00000007c0000000)
  eden space 48640K, 0% used [0x0000000781900000,0x0000000781900000,0x0000000784880000)
  from space 7680K, 69% used [0x0000000784880000,0x0000000784dae910,0x0000000785000000)
  to   space 7680K, 0% used [0x0000000785000000,0x0000000785000000,0x0000000785780000)
 ParOldGen       total 128512K, used 2966K [0x0000000704a00000, 0x000000070c780000, 0x0000000781900000)
  object space 128512K, 2% used [0x0000000704a00000,0x0000000704ce5af8,0x000000070c780000)
 Metaspace       used 20773K, capacity 21254K, committed 21296K, reserved 1069056K
  class space    used 2644K, capacity 2814K, committed 2816K, reserved 1048576K
}
Event: 4.819 GC heap before
{Heap before GC invocations=4 (full 1):
 PSYoungGen      total 56320K, used 5306K [0x0000000781900000, 0x0000000785780000, 0x00000007c0000000)
  eden space 48640K, 0% used [0x0000000781900000,0x0000000781900000,0x0000000784880000)
  from space 7680K, 69% used [0x0000000784880000,0x0000000784dae910,0x0000000785000000)
  to   space 7680K, 0% used [0x0000000785000000,0x0000000785000000,0x0000000785780000)
 ParOldGen       total 128512K, used 2966K [0x0000000704a00000, 0x000000070c780000, 0x0000000781900000)
  object space 128512K, 2% used [0x0000000704a00000,0x0000000704ce5af8,0x000000070c780000)
 Metaspace       used 20773K, capacity 21254K, committed 21296K, reserved 1069056K
  class space    used 2644K, capacity 2814K, committed 2816K, reserved 1048576K
Event: 4.859 GC heap after
Heap after GC invocations=4 (full 1):
 PSYoungGen      total 56320K, used 0K [0x0000000781900000, 0x0000000785780000, 0x00000007c0000000)
  eden space 48640K, 0% used [0x0000000781900000,0x0000000781900000,0x0000000784880000)
  from space 7680K, 0% used [0x0000000784880000,0x0000000784880000,0x0000000785000000)
  to   space 7680K, 0% used [0x0000000785000000,0x0000000785000000,0x0000000785780000)
 ParOldGen       total 77312K, used 5258K [0x0000000704a00000, 0x0000000709580000, 0x0000000781900000)
  object space 77312K, 6% used [0x0000000704a00000,0x0000000704f22ad8,0x0000000709580000)
 Metaspace       used 20772K, capacity 21248K, committed 21296K, reserved 1069056K
  class space    used 2643K, capacity 2813K, committed 2816K, reserved 1048576K
}
Event: 6.867 GC heap before
{Heap before GC invocations=5 (full 1):
 PSYoungGen      total 56320K, used 48640K [0x0000000781900000, 0x0000000785780000, 0x00000007c0000000)
  eden space 48640K, 100% used [0x0000000781900000,0x0000000784880000,0x0000000784880000)
  from space 7680K, 0% used [0x0000000784880000,0x0000000784880000,0x0000000785000000)
  to   space 7680K, 0% used [0x0000000785000000,0x0000000785000000,0x0000000785780000)
 ParOldGen       total 77312K, used 5258K [0x0000000704a00000, 0x0000000709580000, 0x0000000781900000)
  object space 77312K, 6% used [0x0000000704a00000,0x0000000704f22ad8,0x0000000709580000)
 Metaspace       used 25622K, capacity 26484K, committed 26624K, reserved 1073152K
  class space    used 3349K, capacity 3571K, committed 3584K, reserved 1048576K
Event: 6.877 GC heap after
Heap after GC invocations=5 (full 1):
 PSYoungGen      total 56320K, used 5464K [0x0000000781900000, 0x0000000787200000, 0x00000007c0000000)
  eden space 48640K, 0% used [0x0000000781900000,0x0000000781900000,0x0000000784880000)
  from space 7680K, 71% used [0x0000000785000000,0x00000007855560a0,0x0000000785780000)
  to   space 7680K, 0% used [0x0000000784880000,0x0000000784880000,0x0000000785000000)
 ParOldGen       total 77312K, used 5258K [0x0000000704a00000, 0x0000000709580000, 0x0000000781900000)
  object space 77312K, 6% used [0x0000000704a00000,0x0000000704f22ad8,0x0000000709580000)
 Metaspace       used 25622K, capacity 26484K, committed 26624K, reserved 1073152K
  class space    used 3349K, capacity 3571K, committed 3584K, reserved 1048576K
}
Event: 7.739 GC heap before
{Heap before GC invocations=6 (full 1):
 PSYoungGen      total 56320K, used 54104K [0x0000000781900000, 0x0000000787200000, 0x00000007c0000000)
  eden space 48640K, 100% used [0x0000000781900000,0x0000000784880000,0x0000000784880000)
  from space 7680K, 71% used [0x0000000785000000,0x00000007855560a0,0x0000000785780000)
  to   space 7680K, 0% used [0x0000000784880000,0x0000000784880000,0x0000000785000000)
 ParOldGen       total 77312K, used 5258K [0x0000000704a00000, 0x0000000709580000, 0x0000000781900000)
  object space 77312K, 6% used [0x0000000704a00000,0x0000000704f22ad8,0x0000000709580000)
 Metaspace       used 27148K, capacity 28046K, committed 28160K, reserved 1073152K
  class space    used 3551K, capacity 3792K, committed 3840K, reserved 1048576K
Event: 7.747 GC heap after
Heap after GC invocations=6 (full 1):
 PSYoungGen      total 56320K, used 5817K [0x0000000781900000, 0x0000000787880000, 0x00000007c0000000)
  eden space 48640K, 0% used [0x0000000781900000,0x0000000781900000,0x0000000784880000)
  from space 7680K, 75% used [0x0000000784880000,0x0000000784e2e688,0x0000000785000000)
  to   space 11264K, 0% used [0x0000000786d80000,0x0000000786d80000,0x0000000787880000)
 ParOldGen       total 77312K, used 5266K [0x0000000704a00000, 0x0000000709580000, 0x0000000781900000)
  object space 77312K, 6% used [0x0000000704a00000,0x0000000704f24ad8,0x0000000709580000)
 Metaspace       used 27148K, capacity 28046K, committed 28160K, reserved 1073152K
  class space    used 3551K, capacity 3792K, committed 3840K, reserved 1048576K
}

