# JRE version: Java(TM) SE Runtime Environment (8.0_191-b12) (build 1.8.0_191-b12)
# Java VM: Java HotSpot(TM) 64-Bit Server VM (25.191-b12 mixed mode windows-amd64 compressed oops)
Heap:
 PSYoungGen      total 194560K, used 141340K [0x0000000781900000, 0x000000078e900000, 0x00000007c0000000)
  eden space 181248K, 77% used [0x0000000781900000,0x000000078a3073a8,0x000000078ca00000)
  from space 13312K, 0% used [0x000000078d900000,0x000000078d900000,0x000000078e600000)
  to   space 15360K, 0% used [0x000000078ca00000,0x000000078ca00000,0x000000078d900000)
 ParOldGen       total 80384K, used 17890K [0x0000000704a00000, 0x0000000709880000, 0x0000000781900000)
  object space 80384K, 22% used [0x0000000704a00000,0x0000000705b78b90,0x0000000709880000)
 Metaspace       used 43903K, capacity 45808K, committed 46080K, reserved 1089536K
  class space    used 5780K, capacity 6138K, committed 6144K, reserved 1048576K
GC Heap History (10 events):
Event: 5.708 GC heap before
{Heap before GC invocations=4 (full 1):
 PSYoungGen      total 56320K, used 5199K [0x0000000781900000, 0x0000000788700000, 0x00000007c0000000)
  eden space 48640K, 0% used [0x0000000781900000,0x0000000781900000,0x0000000784880000)
  from space 7680K, 67% used [0x0000000784880000,0x0000000784d93ee8,0x0000000785000000)
  to   space 7680K, 0% used [0x0000000787f80000,0x0000000787f80000,0x0000000788700000)
 ParOldGen       total 128512K, used 2864K [0x0000000704a00000, 0x000000070c780000, 0x0000000781900000)
  object space 128512K, 2% used [0x0000000704a00000,0x0000000704ccc158,0x000000070c780000)
 Metaspace       used 20752K, capacity 21202K, committed 21248K, reserved 1067008K
  class space    used 2633K, capacity 2798K, committed 2816K, reserved 1048576K
Event: 5.770 GC heap after
Heap after GC invocations=4 (full 1):
 PSYoungGen      total 56320K, used 0K [0x0000000781900000, 0x0000000788700000, 0x00000007c0000000)
  eden space 48640K, 0% used [0x0000000781900000,0x0000000781900000,0x0000000784880000)
  from space 7680K, 0% used [0x0000000784880000,0x0000000784880000,0x0000000785000000)
  to   space 7680K, 0% used [0x0000000787f80000,0x0000000787f80000,0x0000000788700000)
 ParOldGen       total 59904K, used 5572K [0x0000000704a00000, 0x0000000708480000, 0x0000000781900000)
  object space 59904K, 9% used [0x0000000704a00000,0x0000000704f71098,0x0000000708480000)
 Metaspace       used 20750K, capacity 21196K, committed 21248K, reserved 1067008K
  class space    used 2632K, capacity 2797K, committed 2816K, reserved 1048576K
}
Event: 8.620 GC heap before
{Heap before GC invocations=5 (full 1):
 PSYoungGen      total 56320K, used 48640K [0x0000000781900000, 0x0000000788700000, 0x00000007c0000000)
  eden space 48640K, 100% used [0x0000000781900000,0x0000000784880000,0x0000000784880000)
  from space 7680K, 0% used [0x0000000784880000,0x0000000784880000,0x0000000785000000)
  to   space 7680K, 0% used [0x0000000787f80000,0x0000000787f80000,0x0000000788700000)
 ParOldGen       total 59904K, used 5572K [0x0000000704a00000, 0x0000000708480000, 0x0000000781900000)
  object space 59904K, 9% used [0x0000000704a00000,0x0000000704f71098,0x0000000708480000)
 Metaspace       used 25734K, capacity 26568K, committed 26624K, reserved 1073152K
  class space    used 3357K, capacity 3575K, committed 3584K, reserved 1048576K
Event: 8.628 GC heap after
Heap after GC invocations=5 (full 1):
 PSYoungGen      total 100352K, used 5592K [0x0000000781900000, 0x0000000788500000, 0x00000007c0000000)
  eden space 94720K, 0% used [0x0000000781900000,0x0000000781900000,0x0000000787580000)
  from space 5632K, 99% used [0x0000000787f80000,0x00000007884f60a8,0x0000000788500000)
  to   space 7680K, 0% used [0x0000000787600000,0x0000000787600000,0x0000000787d80000)
 ParOldGen       total 59904K, used 5580K [0x0000000704a00000, 0x0000000708480000, 0x0000000781900000)
  object space 59904K, 9% used [0x0000000704a00000,0x0000000704f73098,0x0000000708480000)
 Metaspace       used 25734K, capacity 26568K, committed 26624K, reserved 1073152K
  class space    used 3357K, capacity 3575K, committed 3584K, reserved 1048576K
}
Event: 10.732 GC heap before
{Heap before GC invocations=6 (full 1):
 PSYoungGen      total 100352K, used 100312K [0x0000000781900000, 0x0000000788500000, 0x00000007c0000000)
  eden space 94720K, 100% used [0x0000000781900000,0x0000000787580000,0x0000000787580000)
  from space 5632K, 99% used [0x0000000787f80000,0x00000007884f60a8,0x0000000788500000)
  to   space 7680K, 0% used [0x0000000787600000,0x0000000787600000,0x0000000787d80000)
 ParOldGen       total 59904K, used 5580K [0x0000000704a00000, 0x0000000708480000, 0x0000000781900000)
  object space 59904K, 9% used [0x0000000704a00000,0x0000000704f73098,0x0000000708480000)
 Metaspace       used 30941K, capacity 32304K, committed 32512K, reserved 1077248K
  class space    used 4061K, capacity 4333K, committed 4352K, reserved 1048576K
Event: 10.751 GC heap after
Heap after GC invocations=6 (full 1):
 PSYoungGen      total 102912K, used 7665K [0x0000000781900000, 0x000000078e600000, 0x00000007c0000000)
  eden space 95232K, 0% used [0x0000000781900000,0x0000000781900000,0x0000000787600000)
  from space 7680K, 99% used [0x0000000787600000,0x0000000787d7c710,0x0000000787d80000)
  to   space 13312K, 0% used [0x000000078d900000,0x000000078d900000,0x000000078e600000)
 ParOldGen       total 59904K, used 8604K [0x0000000704a00000, 0x0000000708480000, 0x0000000781900000)
  object space 59904K, 14% used [0x0000000704a00000,0x00000007052670c0,0x0000000708480000)
 Metaspace       used 30941K, capacity 32304K, committed 32512K, reserved 1077248K
  class space    used 4061K, capacity 4333K, committed 4352K, reserved 1048576K
}
Event: 12.255 GC heap before
{Heap before GC invocations=7 (full 1):
 PSYoungGen      total 102912K, used 45712K [0x0000000781900000, 0x000000078e600000, 0x00000007c0000000)
  eden space 95232K, 39% used [0x0000000781900000,0x0000000783e27a48,0x0000000787600000)
  from space 7680K, 99% used [0x0000000787600000,0x0000000787d7c710,0x0000000787d80000)
  to   space 13312K, 0% used [0x000000078d900000,0x000000078d900000,0x000000078e600000)
 ParOldGen       total 59904K, used 8604K [0x0000000704a00000, 0x0000000708480000, 0x0000000781900000)
  object space 59904K, 14% used [0x0000000704a00000,0x00000007052670c0,0x0000000708480000)
 Metaspace       used 33987K, capacity 35380K, committed 35416K, reserved 1079296K
  class space    used 4419K, capacity 4703K, committed 4736K, reserved 1048576K
Event: 12.275 GC heap after
Heap after GC invocations=7 (full 1):
 PSYoungGen      total 194560K, used 13290K [0x0000000781900000, 0x000000078e900000, 0x00000007c0000000)
  eden space 181248K, 0% used [0x0000000781900000,0x0000000781900000,0x000000078ca00000)
  from space 13312K, 99% used [0x000000078d900000,0x000000078e5faa78,0x000000078e600000)
  to   space 15360K, 0% used [0x000000078ca00000,0x000000078ca00000,0x000000078d900000)
 ParOldGen       total 59904K, used 8849K [0x0000000704a00000, 0x0000000708480000, 0x0000000781900000)
  object space 59904K, 14% used [0x0000000704a00000,0x00000007052a44d8,0x0000000708480000)
 Metaspace       used 33987K, capacity 35380K, committed 35416K, reserved 1079296K
  class space    used 4419K, capacity 4703K, committed 4736K, reserved 1048576K
}
Event: 12.275 GC heap before
{Heap before GC invocations=8 (full 2):
 PSYoungGen      total 194560K, used 13290K [0x0000000781900000, 0x000000078e900000, 0x00000007c0000000)
  eden space 181248K, 0% used [0x0000000781900000,0x0000000781900000,0x000000078ca00000)
  from space 13312K, 99% used [0x000000078d900000,0x000000078e5faa78,0x000000078e600000)
  to   space 15360K, 0% used [0x000000078ca00000,0x000000078ca00000,0x000000078d900000)
 ParOldGen       total 59904K, used 8849K [0x0000000704a00000, 0x0000000708480000, 0x0000000781900000)
  object space 59904K, 14% used [0x0000000704a00000,0x00000007052a44d8,0x0000000708480000)
 Metaspace       used 33987K, capacity 35380K, committed 35416K, reserved 1079296K
  class space    used 4419K, capacity 4703K, committed 4736K, reserved 1048576K
Event: 12.464 GC heap after
Heap after GC invocations=8 (full 2):
 PSYoungGen      total 194560K, used 0K [0x0000000781900000, 0x000000078e900000, 0x00000007c0000000)
  eden space 181248K, 0% used [0x0000000781900000,0x0000000781900000,0x000000078ca00000)
  from space 13312K, 0% used [0x000000078d900000,0x000000078d900000,0x000000078e600000)
  to   space 15360K, 0% used [0x000000078ca00000,0x000000078ca00000,0x000000078d900000)
 ParOldGen       total 80384K, used 17890K [0x0000000704a00000, 0x0000000709880000, 0x0000000781900000)
  object space 80384K, 22% used [0x0000000704a00000,0x0000000705b78b90,0x0000000709880000)
 Metaspace       used 33987K, capacity 35380K, committed 35416K, reserved 1079296K
  class space    used 4419K, capacity 4703K, committed 4736K, reserved 1048576K
}

